Unity Editor version:    2021.2.5f1 (4ec9a5e799f5)
Branch:                  2021.2/staging
Build type:              Release
Batch mode:              YES
macOS version:           Version 12.6.9 (Build 21G726)
Darwin version:          21.6.0
Architecture:            x86_64
Running under Rosetta:   NO
Available memory:        16384 MB
Using pre-set license
Pro License: NO

COMMAND LINE ARGUMENTS:
/Applications/2021.2.5f1/Unity.app/Contents/MacOS/Unity
-adb2
-batchMode
-noUpm
-name
AssetImportWorker1
-projectPath
/Users/admin/Desktop/MyGames/My-Games-Git/RTS-Game/RTS Game
-logFile
Logs/AssetImportWorker1.log
-srvPort
61550
Successfully changed project path to: /Users/admin/Desktop/MyGames/My-Games-Git/RTS-Game/RTS Game
/Users/admin/Desktop/MyGames/My-Games-Git/RTS-Game/RTS Game
[UnityMemory] Configuration Parameters - Can be set up in boot.config
    "memorysetup-bucket-allocator-granularity=16"
    "memorysetup-bucket-allocator-bucket-count=8"
    "memorysetup-bucket-allocator-block-size=33554432"
    "memorysetup-bucket-allocator-block-count=8"
    "memorysetup-main-allocator-block-size=16777216"
    "memorysetup-thread-allocator-block-size=16777216"
    "memorysetup-gfx-main-allocator-block-size=16777216"
    "memorysetup-gfx-thread-allocator-block-size=16777216"
    "memorysetup-cache-allocator-block-size=4194304"
    "memorysetup-typetree-allocator-block-size=2097152"
    "memorysetup-profiler-bucket-allocator-granularity=16"
    "memorysetup-profiler-bucket-allocator-bucket-count=8"
    "memorysetup-profiler-bucket-allocator-block-size=33554432"
    "memorysetup-profiler-bucket-allocator-block-count=8"
    "memorysetup-profiler-allocator-block-size=16777216"
    "memorysetup-profiler-editor-allocator-block-size=1048576"
    "memorysetup-temp-allocator-size-main=16777216"
    "memorysetup-job-temp-allocator-block-size=2097152"
    "memorysetup-job-temp-allocator-block-size-background=1048576"
    "memorysetup-job-temp-allocator-reduction-small-platforms=262144"
    "memorysetup-temp-allocator-size-background-worker=32768"
    "memorysetup-temp-allocator-size-job-worker=262144"
    "memorysetup-temp-allocator-size-preload-manager=33554432"
    "memorysetup-temp-allocator-size-nav-mesh-worker=65536"
    "memorysetup-temp-allocator-size-audio-worker=65536"
    "memorysetup-temp-allocator-size-cloud-worker=32768"
    "memorysetup-temp-allocator-size-gi-baking-worker=262144"
    "memorysetup-temp-allocator-size-gfx=262144"
Refreshing native plugins compatible for Editor in 127.54 ms, found 2 plugins.
Preloading 0 native plugins for Editor in 0.00 ms.
Initialize engine version: 2021.2.5f1 (4ec9a5e799f5)
[Subsystems] Discovering subsystems at path /Applications/2021.2.5f1/Unity.app/Contents/Resources/UnitySubsystems
[Subsystems] Discovering subsystems at path /Users/admin/Desktop/MyGames/My-Games-Git/RTS-Game/RTS Game/Assets
GfxDevice: creating device client; threaded=0; jobified=0
Color LCD preferred device: Intel Iris Pro Graphics (low power)
Metal devices available: 1
0: Intel Iris Pro Graphics (low power)
Using device Intel Iris Pro Graphics (low power)
Initializing Metal device caps: Intel Iris Pro Graphics
Initialize mono
Mono path[0] = '/Applications/2021.2.5f1/Unity.app/Contents/Managed'
Mono path[1] = '/Applications/2021.2.5f1/Unity.app/Contents/MonoBleedingEdge/lib/mono/unityjit-macos'
Mono config path = '/Applications/2021.2.5f1/Unity.app/Contents/MonoBleedingEdge/etc'
Using monoOptions --debugger-agent=transport=dt_socket,embedding=1,server=y,suspend=n,address=127.0.0.1:56514
Begin MonoManager ReloadAssembly
Registering precompiled unity dll's ...
Register platform support module: /Applications/2021.2.5f1/PlaybackEngines/WebGLSupport/UnityEditor.WebGL.Extensions.dll
Register platform support module: /Applications/2021.2.5f1/Unity.app/Contents/PlaybackEngines/MacStandaloneSupport/UnityEditor.OSXStandalone.Extensions.dll
Register platform support module: /Applications/2021.2.5f1/PlaybackEngines/WindowsStandaloneSupport/UnityEditor.WindowsStandalone.Extensions.dll
Registered in 0.004172 seconds.
Native extension for WindowsStandalone target not found
Native extension for OSXStandalone target not found
Native extension for WebGL target not found
Refreshing native plugins compatible for Editor in 121.73 ms, found 2 plugins.
Preloading 0 native plugins for Editor in 0.00 ms.
Mono: successfully reloaded assembly
- Completed reload, in  1.080 seconds
Domain Reload Profiling:
	ReloadAssembly (1081ms)
		BeginReloadAssembly (137ms)
			ExecutionOrderSort (0ms)
			DisableScriptedObjects (0ms)
			BackupInstance (0ms)
			ReleaseScriptingObjects (0ms)
			CreateAndSetChildDomain (1ms)
		EndReloadAssembly (818ms)
			LoadAssemblies (139ms)
			RebuildTransferFunctionScriptingTraits (0ms)
			SetupTypeCache (200ms)
			ReleaseScriptCaches (0ms)
			RebuildScriptCaches (46ms)
			SetupLoadedEditorAssemblies (488ms)
				LogAssemblyErrors (0ms)
				InitializePlatformSupportModulesInManaged (19ms)
				SetLoadedEditorAssemblies (1ms)
				RefreshPlugins (122ms)
				BeforeProcessingInitializeOnLoad (2ms)
				ProcessInitializeOnLoadAttributes (275ms)
				ProcessInitializeOnLoadMethodAttributes (70ms)
				AfterProcessingInitializeOnLoad (0ms)
				EditorAssembliesLoaded (0ms)
			ExecutionOrderSort2 (0ms)
			AwakeInstancesAfterBackupRestoration (0ms)
Platform modules already initialized, skipping
Registering precompiled user dll's ...
Registered in 0.008193 seconds.
Begin MonoManager ReloadAssembly
Symbol file LoadedFromMemory doesn't match image /Users/admin/Desktop/MyGames/My-Games-Git/RTS-Game/RTS Game/Library/PackageCache/com.unity.visualscripting@1.7.5/Editor/VisualScripting.Core/Dependencies/YamlDotNet/Unity.VisualScripting.YamlDotNet.dll
Symbol file LoadedFromMemory doesn't match image /Users/admin/Desktop/MyGames/My-Games-Git/RTS-Game/RTS Game/Library/PackageCache/com.unity.visualscripting@1.7.5/Editor/VisualScripting.Core/Dependencies/DotNetZip/Unity.VisualScripting.IonicZip.dll
Native extension for WindowsStandalone target not found
Native extension for OSXStandalone target not found
Native extension for WebGL target not found
Refreshing native plugins compatible for Editor in 0.82 ms, found 2 plugins.
Preloading 0 native plugins for Editor in 0.00 ms.
Mono: successfully reloaded assembly
- Completed reload, in  2.135 seconds
Domain Reload Profiling:
	ReloadAssembly (2136ms)
		BeginReloadAssembly (300ms)
			ExecutionOrderSort (0ms)
			DisableScriptedObjects (9ms)
			BackupInstance (0ms)
			ReleaseScriptingObjects (0ms)
			CreateAndSetChildDomain (53ms)
		EndReloadAssembly (1655ms)
			LoadAssemblies (126ms)
			RebuildTransferFunctionScriptingTraits (0ms)
			SetupTypeCache (608ms)
			ReleaseScriptCaches (1ms)
			RebuildScriptCaches (90ms)
			SetupLoadedEditorAssemblies (616ms)
				LogAssemblyErrors (0ms)
				InitializePlatformSupportModulesInManaged (13ms)
				SetLoadedEditorAssemblies (1ms)
				RefreshPlugins (1ms)
				BeforeProcessingInitializeOnLoad (112ms)
				ProcessInitializeOnLoadAttributes (446ms)
				ProcessInitializeOnLoadMethodAttributes (41ms)
				AfterProcessingInitializeOnLoad (1ms)
				EditorAssembliesLoaded (0ms)
			ExecutionOrderSort2 (0ms)
			AwakeInstancesAfterBackupRestoration (5ms)
Platform modules already initialized, skipping
========================================================================
Worker process is ready to serve import requests
Launching external process: /Applications/2021.2.5f1/Unity.app/Contents/Tools/UnityShaderCompiler
Launched and connected shader compiler UnityShaderCompiler after 0.08 seconds
Refreshing native plugins compatible for Editor in 0.81 ms, found 2 plugins.
Preloading 0 native plugins for Editor in 0.00 ms.
Unloading 3212 Unused Serialized files (Serialized files now loaded: 0)
Unloading 24 unused Assets / (97.6 KB). Loaded Objects now: 3670.
Memory consumption went from 227.8 MB to 227.7 MB.
Total: 4.091249 ms (FindLiveObjects: 0.367360 ms CreateObjectMapping: 0.150103 ms MarkObjects: 3.476188 ms  DeleteObjects: 0.096298 ms)

AssetImportParameters requested are different than current active one (requested -> active):
  custom:video-decoder-ogg-theora: a1e56fd34408186e4bbccfd4996cb3dc -> 
  custom:container-muxer-webm: aa71ff27fc2769a1b78a27578f13a17b -> 
  custom:container-demuxer-webm: 4f35f7cbe854078d1ac9338744f61a02 -> 
  custom:video-encoder-webm-vp8: eb34c28f22e8b96e1ab97ce403110664 -> 
  custom:framework-osx-AVFoundation: e770b220cccbd017edd2c1fefb359320 -> 
  custom:audio-encoder-webm-vorbis: bf7c407c2cedff20999df2af8eb42d56 -> 
  custom:container-demuxer-ogg: 62fdf1f143b41e24485cea50d1cbac27 -> 
  custom:video-decoder-webm-vp8: 9c59270c3fd7afecdb556c50c9e8de78 -> 
  custom:audio-decoder-ogg-vorbis: bf7c407c2cedff20999df2af8eb42d56 -> 
========================================================================
Received Import Request.
  Time since last request: 405208.186809 seconds.
  path: Assets/KayKit_Medieval_Hexagon_Pack_1.0_FREE
  artifactKey: Guid(54f296d41214a4768bcac8c0a6e94a21) Importer(815301076,1909f56bfc062723c751e8b465ee728b)
Start importing Assets/KayKit_Medieval_Hexagon_Pack_1.0_FREE using Guid(54f296d41214a4768bcac8c0a6e94a21) Importer(815301076,1909f56bfc062723c751e8b465ee728b)  -> (artifact id: '37c436f6d36e6f1699faa3bdc939fd45') in 0.008574 seconds 
========================================================================
Received Import Request.
  Time since last request: 0.000093 seconds.
  path: Assets/KayKit_Medieval_Hexagon_Pack_1.0_FREE/contents_tiles.jpg
  artifactKey: Guid(0ffe03499758d44d680e719d54708943) Importer(815301076,1909f56bfc062723c751e8b465ee728b)
Start importing Assets/KayKit_Medieval_Hexagon_Pack_1.0_FREE/contents_tiles.jpg using Guid(0ffe03499758d44d680e719d54708943) Importer(815301076,1909f56bfc062723c751e8b465ee728b)  -> (artifact id: 'a2dd8d68f457cb2e0a49709d013fdee9') in 1.695625 seconds 
========================================================================
Received Import Request.
  Time since last request: 0.000066 seconds.
  path: Assets/KayKit_Medieval_Hexagon_Pack_1.0_FREE/contents_buildings.jpg
  artifactKey: Guid(9b491bf632ad44a07b12769caf19a2c3) Importer(815301076,1909f56bfc062723c751e8b465ee728b)
Start importing Assets/KayKit_Medieval_Hexagon_Pack_1.0_FREE/contents_buildings.jpg using Guid(9b491bf632ad44a07b12769caf19a2c3) Importer(815301076,1909f56bfc062723c751e8b465ee728b)  -> (artifact id: '4b404e82e70ae691d2e037ce7cf1e400') in 0.049835 seconds 
========================================================================
Received Import Request.
  Time since last request: 19.938981 seconds.
  path: Assets/KayKit_Medieval_Hexagon_Pack_1.0_FREE/Assets/fbx(unity)/tiles/base/hex_grass_bottom.fbx
  artifactKey: Guid(650a7d76fb850445cae66ba0be88fc1c) Importer(815301076,1909f56bfc062723c751e8b465ee728b)
Start importing Assets/KayKit_Medieval_Hexagon_Pack_1.0_FREE/Assets/fbx(unity)/tiles/base/hex_grass_bottom.fbx using Guid(650a7d76fb850445cae66ba0be88fc1c) Importer(815301076,1909f56bfc062723c751e8b465ee728b)  -> (artifact id: '17dd65df26e868b15b4d0070a3a3021f') in 0.575343 seconds 
========================================================================
Received Import Request.
  Time since last request: 0.000101 seconds.
  path: Assets/KayKit_Medieval_Hexagon_Pack_1.0_FREE/Assets/fbx(unity)/tiles/base/hex_grass_sloped_high.fbx
  artifactKey: Guid(c521bf4695fd64c8eb07bd4816b25541) Importer(815301076,1909f56bfc062723c751e8b465ee728b)
Start importing Assets/KayKit_Medieval_Hexagon_Pack_1.0_FREE/Assets/fbx(unity)/tiles/base/hex_grass_sloped_high.fbx using Guid(c521bf4695fd64c8eb07bd4816b25541) Importer(815301076,1909f56bfc062723c751e8b465ee728b)  -> (artifact id: 'ea5a18cdc72dcd2f7681f7557f04650d') in 0.215572 seconds 
========================================================================
Received Import Request.
  Time since last request: 0.000076 seconds.
  path: Assets/KayKit_Medieval_Hexagon_Pack_1.0_FREE/Assets/fbx(unity)/tiles/base/hexagons_medieval.png
  artifactKey: Guid(1075b60a3fcc34b00a56f39b69c7bfe5) Importer(815301076,1909f56bfc062723c751e8b465ee728b)
Start importing Assets/KayKit_Medieval_Hexagon_Pack_1.0_FREE/Assets/fbx(unity)/tiles/base/hexagons_medieval.png using Guid(1075b60a3fcc34b00a56f39b69c7bfe5) Importer(815301076,1909f56bfc062723c751e8b465ee728b)  -> (artifact id: '2a74b200bddd755c21bca9ac26c96af9') in 1.573046 seconds 
